2012/08/26 01:18:08 [error] [exception.CException] exception 'CException' with message 'CAssetManager.basePath "/Applications/XAMPP/xamppfiles/htdocs/TrickleUp/trickleup/webroot/assets" is invalid. Please make sure the directory exists and is writable by the Web server process.' in /Applications/XAMPP/xamppfiles/htdocs/Downloads/yii-1.1.12.b600af/framework/web/CAssetManager.php:128
Stack trace:
#0 /Applications/XAMPP/xamppfiles/htdocs/Downloads/yii-1.1.12.b600af/framework/web/CAssetManager.php(113): CAssetManager->setBasePath('/Applications/X...')
#1 /Applications/XAMPP/xamppfiles/htdocs/Downloads/yii-1.1.12.b600af/framework/web/CAssetManager.php(235): CAssetManager->getBasePath()
#2 /Applications/XAMPP/xamppfiles/htdocs/Downloads/yii-1.1.12.b600af/framework/web/CClientScript.php(463): CAssetManager->publish('/Applications/X...')
#3 /Applications/XAMPP/xamppfiles/htdocs/Downloads/yii-1.1.12.b600af/framework/web/CClientScript.php(500): CClientScript->getCoreScriptUrl()
#4 /Applications/XAMPP/xamppfiles/htdocs/Downloads/yii-1.1.12.b600af/framework/web/CClientScript.php(316): CClientScript->getPackageBaseUrl('jquery')
#5 /Applications/XAMPP/xamppfiles/htdocs/Downloads/yii-1.1.12.b600af/framework/web/CClientScript.php(209): CClientScript->renderCoreScripts()
#6 /Applications/XAMPP/xamppfiles/htdocs/Downloads/yii-1.1.12.b600af/framework/web/CController.php(352): CClientScript->render('<!DOCTYPE html ...')
#7 /Applications/XAMPP/xamppfiles/htdocs/Downloads/yii-1.1.12.b600af/framework/web/CController.php(789): CController->processOutput('<!DOCTYPE html ...')
#8 /Applications/XAMPP/xamppfiles/htdocs/TrickleUp/trickleup/webroot/protected/controllers/SiteController.php(72): CController->render('contact', Array)
#9 /Applications/XAMPP/xamppfiles/htdocs/Downloads/yii-1.1.12.b600af/framework/web/actions/CInlineAction.php(50): SiteController->actionContact()
#10 /Applications/XAMPP/xamppfiles/htdocs/Downloads/yii-1.1.12.b600af/framework/web/CController.php(309): CInlineAction->runWithParams(Array)
#11 /Applications/XAMPP/xamppfiles/htdocs/Downloads/yii-1.1.12.b600af/framework/web/CController.php(287): CController->runAction(Object(CInlineAction))
#12 /Applications/XAMPP/xamppfiles/htdocs/Downloads/yii-1.1.12.b600af/framework/web/CController.php(266): CController->runActionWithFilters(Object(CInlineAction), Array)
#13 /Applications/XAMPP/xamppfiles/htdocs/Downloads/yii-1.1.12.b600af/framework/web/CWebApplication.php(283): CController->run('contact')
#14 /Applications/XAMPP/xamppfiles/htdocs/Downloads/yii-1.1.12.b600af/framework/web/CWebApplication.php(142): CWebApplication->runController('site/contact')
#15 /Applications/XAMPP/xamppfiles/htdocs/Downloads/yii-1.1.12.b600af/framework/base/CApplication.php(162): CWebApplication->processRequest()
#16 /Applications/XAMPP/xamppfiles/htdocs/TrickleUp/trickleup/webroot/index.php(13): CApplication->run()
#17 {main}
REQUEST_URI=/TrickleUp/trickleup/webroot/index.php?r=site/contact
HTTP_REFERER=http://localhost/TrickleUp/trickleup/webroot/
---
2012/08/26 15:14:33 [error] [php] Undefined offset: 1 (/Users/arthurgoldstein/trickleup_gitdir/trickleUp/webroot/protected/views/site/pages/report.php:196)
Stack trace:
#0 /Users/arthurgoldstein/Downloads/yii-1.1.12.b600af/framework/web/CController.php(870): SiteController->renderFile()
#1 /Users/arthurgoldstein/Downloads/yii-1.1.12.b600af/framework/web/CController.php(783): SiteController->renderPartial()
#2 /Users/arthurgoldstein/Downloads/yii-1.1.12.b600af/framework/web/actions/CViewAction.php(141): SiteController->render()
#3 /Users/arthurgoldstein/Downloads/yii-1.1.12.b600af/framework/web/actions/CAction.php(75): CViewAction->run()
#4 /Users/arthurgoldstein/Downloads/yii-1.1.12.b600af/framework/web/CController.php(309): CViewAction->runWithParams()
#5 /Users/arthurgoldstein/Downloads/yii-1.1.12.b600af/framework/web/CController.php(287): SiteController->runAction()
#6 /Users/arthurgoldstein/Downloads/yii-1.1.12.b600af/framework/web/CController.php(266): SiteController->runActionWithFilters()
#7 /Users/arthurgoldstein/Downloads/yii-1.1.12.b600af/framework/web/CWebApplication.php(283): SiteController->run()
#8 /Users/arthurgoldstein/Downloads/yii-1.1.12.b600af/framework/web/CWebApplication.php(142): CWebApplication->runController()
#9 /Users/arthurgoldstein/Downloads/yii-1.1.12.b600af/framework/base/CApplication.php(162): CWebApplication->processRequest()
#10 /Users/arthurgoldstein/trickleup_gitdir/trickleUp/webroot/index.php(13): CWebApplication->run()
REQUEST_URI=/index.php?r=site/page&view=report
in /Users/arthurgoldstein/trickleup_gitdir/trickleUp/webroot/protected/views/site/pages/report.php (196)
in /Users/arthurgoldstein/trickleup_gitdir/trickleUp/webroot/index.php (13)
